Using pre-set license
Built from '6000.0/release' branch; Version is '6000.0.44f1 (101c91f3a8fb) revision 1055889'; Using compiler version '193933523'; Build Type 'Release'
OS: 'Windows 11  (10.0.22631) 64bit Core' Language: 'ko' Physical Memory: 7932 MB
BatchMode: 1, IsHumanControllingUs: 0, StartBugReporterOnCrash: 0, Is64bit: 1, IsPro: 1

COMMAND LINE ARGUMENTS:
C:\Program Files\Unity\Hub\Editor\6000.0.44f1\Editor\Unity.exe
-adb2
-batchMode
-noUpm
-name
AssetImportWorker0
-projectPath
C:/Users/ssy94/ë°©í•™í”„ë¡œì íŠ¸1
-logFile
Logs/AssetImportWorker0.log
-srvPort
56821
-job-worker-count
3
-background-job-worker-count
8
-gc-helper-count
1
Successfully changed project path to: C:/Users/ssy94/ë°©í•™í”„ë¡œì íŠ¸1
C:/Users/ssy94/ë°©í•™í”„ë¡œì íŠ¸1
[UnityMemory] Configuration Parameters - Can be set up in boot.config
    "memorysetup-bucket-allocator-granularity=16"
    "memorysetup-bucket-allocator-bucket-count=8"
    "memorysetup-bucket-allocator-block-size=33554432"
    "memorysetup-bucket-allocator-block-count=8"
    "memorysetup-main-allocator-block-size=16777216"
    "memorysetup-thread-allocator-block-size=16777216"
    "memorysetup-gfx-main-allocator-block-size=16777216"
    "memorysetup-gfx-thread-allocator-block-size=16777216"
    "memorysetup-cache-allocator-block-size=4194304"
    "memorysetup-typetree-allocator-block-size=2097152"
    "memorysetup-profiler-bucket-allocator-granularity=16"
    "memorysetup-profiler-bucket-allocator-bucket-count=8"
    "memorysetup-profiler-bucket-allocator-block-size=33554432"
    "memorysetup-profiler-bucket-allocator-block-count=8"
    "memorysetup-profiler-allocator-block-size=16777216"
    "memorysetup-profiler-editor-allocator-block-size=1048576"
    "memorysetup-temp-allocator-size-main=16777216"
    "memorysetup-job-temp-allocator-block-size=2097152"
    "memorysetup-job-temp-allocator-block-size-background=1048576"
    "memorysetup-job-temp-allocator-reduction-small-platforms=262144"
    "memorysetup-allocator-temp-initial-block-size-main=262144"
    "memorysetup-allocator-temp-initial-block-size-worker=262144"
    "memorysetup-temp-allocator-size-background-worker=32768"
    "memorysetup-temp-allocator-size-job-worker=262144"
    "memorysetup-temp-allocator-size-preload-manager=33554432"
    "memorysetup-temp-allocator-size-nav-mesh-worker=65536"
    "memorysetup-temp-allocator-size-audio-worker=65536"
    "memorysetup-temp-allocator-size-cloud-worker=32768"
    "memorysetup-temp-allocator-size-gi-baking-worker=262144"
    "memorysetup-temp-allocator-size-gi-baking-worker=262144"
    "memorysetup-temp-allocator-size-gi-baking-worker=262144"
    "memorysetup-temp-allocator-size-gi-baking-worker=262144"
    "memorysetup-temp-allocator-size-gi-baking-worker=262144"
    "memorysetup-temp-allocator-size-gfx=262144"
Player connection [24744]  Target information:

Player connection [24744]  * "[IP] 172.30.1.7 [Port] 0 [Flags] 2 [Guid] 952508340 [EditorId] 952508340 [Version] 1048832 [Id] WindowsEditor(7,ÀÌ»ó¿¬) [Debug] 1 [PackageName] WindowsEditor [ProjectName] Editor" 

Player connection [24744] Host joined multi-casting on [225.0.0.222:54997]...
Player connection [24744] Host joined alternative multi-casting on [225.0.0.222:34997]...
JobSystem: Creating JobQueue using job-worker-count value 3
Input System module state changed to: Initialized.
[Physics::Module] Initialized fallback backend.
[Physics::Module] Id: 0xdecafbad
Library Redirect Path: Library/
[Physics::Module] Selected backend.
[Physics::Module] Name: PhysX
[Physics::Module] Id: 0xf2b8ea05
[Physics::Module] SDK Version: 4.1.2
[Physics::Module] Integration Version: 1.0.0
[Physics::Module] Threading Mode: Multi-Threaded
Refreshing native plugins compatible for Editor in 12.56 ms, found 4 plugins.
Preloading 0 native plugins for Editor in 0.00 ms.
Initialize engine version: 6000.0.44f1 (101c91f3a8fb)
[Subsystems] Discovering subsystems at path C:/Program Files/Unity/Hub/Editor/6000.0.44f1/Editor/Data/Resources/UnitySubsystems
[Subsystems] Discovering subsystems at path C:/Users/ssy94/ë°©í•™í”„ë¡œì íŠ¸1/Assets
GfxDevice: creating device client; kGfxThreadingModeNonThreaded
Direct3D:
    Version:  Direct3D 11.0 [level 11.1]
    Renderer: NVIDIA GeForce GTX 1650 Ti (ID=0x1f95)
    Vendor:   NVIDIA
    VRAM:     3938 MB
    Driver:   32.0.15.7688
Initialize mono
Mono path[0] = 'C:/Program Files/Unity/Hub/Editor/6000.0.44f1/Editor/Data/Managed'
Mono path[1] = 'C:/Program Files/Unity/Hub/Editor/6000.0.44f1/Editor/Data/MonoBleedingEdge/lib/mono/unityjit-win32'
Mono config path = 'C:/Program Files/Unity/Hub/Editor/6000.0.44f1/Editor/Data/MonoBleedingEdge/etc'
Using monoOptions --debugger-agent=transport=dt_socket,embedding=1,server=y,suspend=n,address=127.0.0.1:56916
Begin MonoManager ReloadAssembly
Registering precompiled unity dll's ...
Register platform support module: C:/Program Files/Unity/Hub/Editor/6000.0.44f1/Editor/Data/PlaybackEngines/WindowsStandaloneSupport/UnityEditor.WindowsStandalone.Extensions.dll
Registered in 0.013155 seconds.
- Loaded All Assemblies, in  0.936 seconds
Native extension for WindowsStandalone target not found
Mono: successfully reloaded assembly
- Finished resetting the current domain, in  0.607 seconds
Domain Reload Profiling: 1521ms
	BeginReloadAssembly (393ms)
		ExecutionOrderSort (0ms)
		DisableScriptedObjects (0ms)
		BackupInstance (0ms)
		ReleaseScriptingObjects (0ms)
		CreateAndSetChildDomain (1ms)
	RebuildCommonClasses (64ms)
	RebuildNativeTypeToScriptingClass (18ms)
	initialDomainReloadingComplete (103ms)
	LoadAllAssembliesAndSetupDomain (337ms)
		LoadAssemblies (376ms)
		RebuildTransferFunctionScriptingTraits (0ms)
		AnalyzeDomain (329ms)
			TypeCache.Refresh (325ms)
				TypeCache.ScanAssembly (293ms)
			BuildScriptInfoCaches (0ms)
			ResolveRequiredComponents (2ms)
	FinalizeReload (607ms)
		ReleaseScriptCaches (0ms)
		RebuildScriptCaches (0ms)
		SetupLoadedEditorAssemblies (521ms)
			LogAssemblyErrors (0ms)
			InitializePlatformSupportModulesInManaged (48ms)
			SetLoadedEditorAssemblies (7ms)
			BeforeProcessingInitializeOnLoad (72ms)
			ProcessInitializeOnLoadAttributes (280ms)
			ProcessInitializeOnLoadMethodAttributes (114ms)
			AfterProcessingInitializeOnLoad (0ms)
			EditorAssembliesLoaded (0ms)
		ExecutionOrderSort2 (0ms)
		AwakeInstancesAfterBackupRestoration (0ms)
========================================================================
Worker process is ready to serve import requests
Import Worker Mode flag is 0x00
Begin MonoManager ReloadAssembly
- Loaded All Assemblies, in  2.391 seconds
Refreshing native plugins compatible for Editor in 4.84 ms, found 4 plugins.
Native extension for WindowsStandalone target not found
Mono: successfully reloaded assembly
- Finished resetting the current domain, in  1.551 seconds
Domain Reload Profiling: 3901ms
	BeginReloadAssembly (396ms)
		ExecutionOrderSort (0ms)
		DisableScriptedObjects (7ms)
		BackupInstance (0ms)
		ReleaseScriptingObjects (0ms)
		CreateAndSetChildDomain (30ms)
	RebuildCommonClasses (52ms)
	RebuildNativeTypeToScriptingClass (15ms)
	initialDomainReloadingComplete (252ms)
	LoadAllAssembliesAndSetupDomain (1634ms)
		LoadAssemblies (1476ms)
		RebuildTransferFunctionScriptingTraits (0ms)
		AnalyzeDomain (469ms)
			TypeCache.Refresh (364ms)
				TypeCache.ScanAssembly (335ms)
			BuildScriptInfoCaches (87ms)
			ResolveRequiredComponents (14ms)
	FinalizeReload (1552ms)
		ReleaseScriptCaches (0ms)
		RebuildScriptCaches (0ms)
		SetupLoadedEditorAssemblies (1272ms)
			LogAssemblyErrors (0ms)
			InitializePlatformSupportModulesInManaged (3ms)
			SetLoadedEditorAssemblies (6ms)
			BeforeProcessingInitializeOnLoad (260ms)
			ProcessInitializeOnLoadAttributes (758ms)
			ProcessInitializeOnLoadMethodAttributes (218ms)
			AfterProcessingInitializeOnLoad (27ms)
			EditorAssembliesLoaded (0ms)
		ExecutionOrderSort2 (0ms)
		AwakeInstancesAfterBackupRestoration (25ms)
Launched and connected shader compiler UnityShaderCompiler.exe after 0.04 seconds
Refreshing native plugins compatible for Editor in 10.15 ms, found 4 plugins.
Preloading 0 native plugins for Editor in 0.00 ms.
Unloading 207 Unused Serialized files (Serialized files now loaded: 0)
Unloading 6588 unused Assets / (6.5 MB). Loaded Objects now: 7233.
Memory consumption went from 168.7 MB to 162.3 MB.
Total: 19.525400 ms (FindLiveObjects: 2.583100 ms CreateObjectMapping: 1.135900 ms MarkObjects: 8.684000 ms  DeleteObjects: 7.120700 ms)

========================================================================
Received Import Request.
  Time since last request: 408474.560916 seconds.
  path: Assets/Animate
  artifactKey: Guid(97b73ed3f83777c42a2b24bb3cab575a) Importer(815301076,1909f56bfc062723c751e8b465ee728b)
Start importing Assets/Animate using Guid(97b73ed3f83777c42a2b24bb3cab575a) Importer(815301076,1909f56bfc062723c751e8b465ee728b) (PreviewImporter) -> (artifact id: '1a519af4391dd481310085c2816da0d2') in 0.0194549 seconds
Number of updated asset objects reloaded before import = 0Number of asset objects unloaded after import = 0

========================================================================
Received Import Request.
  Time since last request: 31.900790 seconds.
  path: Assets/Animate/Alertline.png
  artifactKey: Guid(4f7846cbbca128f41ae3947567c3b2ef) Importer(815301076,1909f56bfc062723c751e8b465ee728b)
Start importing Assets/Animate/Alertline.png using Guid(4f7846cbbca128f41ae3947567c3b2ef) Importer(815301076,1909f56bfc062723c751e8b465ee728b) (PreviewImporter) -> (artifact id: 'e8e1cef4de3560d82d040f7aaa90b352') in 0.1520556 seconds
Number of updated asset objects reloaded before import = 0Number of asset objects unloaded after import = 3

========================================================================
Received Import Request.
  Time since last request: 0.000039 seconds.
  path: Assets/Animate/Meteorite.png
  artifactKey: Guid(4b7a0f979a528ea4cb2432a7cbe8c761) Importer(815301076,1909f56bfc062723c751e8b465ee728b)
Start importing Assets/Animate/Meteorite.png using Guid(4b7a0f979a528ea4cb2432a7cbe8c761) Importer(815301076,1909f56bfc062723c751e8b465ee728b) (PreviewImporter) -> (artifact id: '951be1b8978b68fc4d0dd4b6f1bb6e1f') in 0.0145527 seconds
Number of updated asset objects reloaded before import = 0Number of asset objects unloaded after import = 3

========================================================================
Received Import Request.
  Time since last request: 0.000027 seconds.
  path: Assets/Animate/IntroButtonStart.png
  artifactKey: Guid(b5acab261bdc3da43964b2ec2612d52f) Importer(815301076,1909f56bfc062723c751e8b465ee728b)
Start importing Assets/Animate/IntroButtonStart.png using Guid(b5acab261bdc3da43964b2ec2612d52f) Importer(815301076,1909f56bfc062723c751e8b465ee728b) (PreviewImporter) -> (artifact id: '6ca407b4fb7f4b9bad624a6a376c9c6b') in 0.0205604 seconds
Number of updated asset objects reloaded before import = 0Number of asset objects unloaded after import = 3

========================================================================
Received Import Request.
  Time since last request: 0.000021 seconds.
  path: Assets/Animate/Player_Die.png
  artifactKey: Guid(b3d405d3ff84c67448e6e93402375c35) Importer(815301076,1909f56bfc062723c751e8b465ee728b)
Start importing Assets/Animate/Player_Die.png using Guid(b3d405d3ff84c67448e6e93402375c35) Importer(815301076,1909f56bfc062723c751e8b465ee728b) (PreviewImporter) -> (artifact id: 'a7ae6a12f4af3200358db588b710fc46') in 0.0470914 seconds
Number of updated asset objects reloaded before import = 0Number of asset objects unloaded after import = 9

========================================================================
Received Import Request.
  Time since last request: 0.000019 seconds.
  path: Assets/Animate/Enemy_Idle.png
  artifactKey: Guid(4a033280bdf31ef4db418f9f92de0445) Importer(815301076,1909f56bfc062723c751e8b465ee728b)
Start importing Assets/Animate/Enemy_Idle.png using Guid(4a033280bdf31ef4db418f9f92de0445) Importer(815301076,1909f56bfc062723c751e8b465ee728b) (PreviewImporter) -> (artifact id: '9dce0dbb90eaac50a6d624852865f39e') in 0.0210022 seconds
Number of updated asset objects reloaded before import = 0Number of asset objects unloaded after import = 5

========================================================================
Received Import Request.
  Time since last request: 3.346683 seconds.
  path: Assets/Animate/Player_Idle.png
  artifactKey: Guid(35aa2cae517b0d148bd3955cdccfe5d5) Importer(815301076,1909f56bfc062723c751e8b465ee728b)
Start importing Assets/Animate/Player_Idle.png using Guid(35aa2cae517b0d148bd3955cdccfe5d5) Importer(815301076,1909f56bfc062723c751e8b465ee728b) (PreviewImporter) -> (artifact id: '426431e3ea0d3a1b4f540a1d8516c2e4') in 0.0578912 seconds
Number of updated asset objects reloaded before import = 0Number of asset objects unloaded after import = 5

========================================================================
Received Import Request.
  Time since last request: 0.052089 seconds.
  path: Assets/Animate/PlayerBoom_Idle.png
  artifactKey: Guid(65dd68645f80c0c44be16b393becc989) Importer(815301076,1909f56bfc062723c751e8b465ee728b)
Start importing Assets/Animate/PlayerBoom_Idle.png using Guid(65dd68645f80c0c44be16b393becc989) Importer(815301076,1909f56bfc062723c751e8b465ee728b) (PreviewImporter) -> (artifact id: '9b83bdb6fa8229d431e9d77975a96cf9') in 0.032024 seconds
Number of updated asset objects reloaded before import = 0Number of asset objects unloaded after import = 6

========================================================================
Received Import Request.
  Time since last request: 0.162292 seconds.
  path: Assets/Animate/PlayerBullet.png
  artifactKey: Guid(4b48412d1d45cf64091cb5ae7720a5ec) Importer(815301076,1909f56bfc062723c751e8b465ee728b)
Start importing Assets/Animate/PlayerBullet.png using Guid(4b48412d1d45cf64091cb5ae7720a5ec) Importer(815301076,1909f56bfc062723c751e8b465ee728b) (PreviewImporter) -> (artifact id: '2c34ac16906a025c30c2d15081876eb6') in 0.0169099 seconds
Number of updated asset objects reloaded before import = 0Number of asset objects unloaded after import = 3

========================================================================
Received Import Request.
  Time since last request: 0.050935 seconds.
  path: Assets/Animate/PlayerLifeUI.png
  artifactKey: Guid(ef9f3601898be024588ac4c7de4ab34b) Importer(815301076,1909f56bfc062723c751e8b465ee728b)
Start importing Assets/Animate/PlayerLifeUI.png using Guid(ef9f3601898be024588ac4c7de4ab34b) Importer(815301076,1909f56bfc062723c751e8b465ee728b) (PreviewImporter) -> (artifact id: '7974d57813d34c17c48631f4d24216e0') in 0.0183977 seconds
Number of updated asset objects reloaded before import = 0Number of asset objects unloaded after import = 3

========================================================================
Received Import Request.
  Time since last request: 89.351433 seconds.
  path: Assets/Animate/Player_Idle.png
  artifactKey: Guid(35aa2cae517b0d148bd3955cdccfe5d5) Importer(815301076,1909f56bfc062723c751e8b465ee728b)
Start importing Assets/Animate/Player_Idle.png using Guid(35aa2cae517b0d148bd3955cdccfe5d5) Importer(815301076,1909f56bfc062723c751e8b465ee728b) (PreviewImporter) -> (artifact id: '42471b67038824b36a772e86bf596a0b') in 0.0834247 seconds
Number of updated asset objects reloaded before import = 0Number of asset objects unloaded after import = 5

========================================================================
Received Import Request.
  Time since last request: 187.865758 seconds.
  path: Assets/New Animator Controller.controller
  artifactKey: Guid(1f4a9fa6d268b284d9d8fe88cf3631c7) Importer(815301076,1909f56bfc062723c751e8b465ee728b)
Start importing Assets/New Animator Controller.controller using Guid(1f4a9fa6d268b284d9d8fe88cf3631c7) Importer(815301076,1909f56bfc062723c751e8b465ee728b) (PreviewImporter) -> (artifact id: 'a7ea83043d50896088b321c2db2f40bf') in 0.0151076 seconds
Number of updated asset objects reloaded before import = 0Number of asset objects unloaded after import = 1

========================================================================
Received Import Request.
  Time since last request: 6.889105 seconds.
  path: Assets/PlayerAnimator.controller
  artifactKey: Guid(1f4a9fa6d268b284d9d8fe88cf3631c7) Importer(815301076,1909f56bfc062723c751e8b465ee728b)
Start importing Assets/PlayerAnimator.controller using Guid(1f4a9fa6d268b284d9d8fe88cf3631c7) Importer(815301076,1909f56bfc062723c751e8b465ee728b) (PreviewImporter) -> (artifact id: 'c897ff4efba878dd9bf4a5915b5b9e41') in 0.005089 seconds
Number of updated asset objects reloaded before import = 0Number of asset objects unloaded after import = 2

========================================================================
Received Import Request.
  Time since last request: 205.255519 seconds.
  path: Assets/New Animation.anim
  artifactKey: Guid(08c2260ac8d4ca14b8c580c9b7a90fa6) Importer(815301076,1909f56bfc062723c751e8b465ee728b)
Start importing Assets/New Animation.anim using Guid(08c2260ac8d4ca14b8c580c9b7a90fa6) Importer(815301076,1909f56bfc062723c751e8b465ee728b) (PreviewImporter) -> (artifact id: 'e2b2a83bf8f72ebc3d5fd187c3c879d9') in 0.0174913 seconds
Number of updated asset objects reloaded before import = 0Number of asset objects unloaded after import = 1

========================================================================
Received Import Request.
  Time since last request: 34.383514 seconds.
  path: Assets/Playeridle.anim
  artifactKey: Guid(08c2260ac8d4ca14b8c580c9b7a90fa6) Importer(815301076,1909f56bfc062723c751e8b465ee728b)
Start importing Assets/Playeridle.anim using Guid(08c2260ac8d4ca14b8c580c9b7a90fa6) Importer(815301076,1909f56bfc062723c751e8b465ee728b) (PreviewImporter) -> (artifact id: '0576c57bc9d0cbe26ef731154a5039f6') in 0.0035819 seconds
Number of updated asset objects reloaded before import = 0Number of asset objects unloaded after import = 1

========================================================================
Received Import Request.
  Time since last request: 9.272458 seconds.
  path: Assets/PlayerIdle.anim
  artifactKey: Guid(08c2260ac8d4ca14b8c580c9b7a90fa6) Importer(815301076,1909f56bfc062723c751e8b465ee728b)
Start importing Assets/PlayerIdle.anim using Guid(08c2260ac8d4ca14b8c580c9b7a90fa6) Importer(815301076,1909f56bfc062723c751e8b465ee728b) (PreviewImporter) -> (artifact id: '481f0aecc5e18ecfb78c27ace08f5f32') in 0.0034383 seconds
Number of updated asset objects reloaded before import = 0Number of asset objects unloaded after import = 1

========================================================================
Received Import Request.
  Time since last request: 213.130932 seconds.
  path: Assets/Box.png
  artifactKey: Guid(eae6a76babdb8cd4cb77c4b5a275e75a) Importer(2089858483,192608db42251d675da83286b1cce702)
Start importing Assets/Box.png using Guid(eae6a76babdb8cd4cb77c4b5a275e75a) Importer(2089858483,192608db42251d675da83286b1cce702) (ScriptedImporter) -> (artifact id: 'ba53810cbbc0c3aebeae532933562253') in 1.3955669 seconds
Number of updated asset objects reloaded before import = 0Number of asset objects unloaded after import = 3

========================================================================
Received Import Request.
  Time since last request: 0.000025 seconds.
  path: Assets/Settings/Renderer2D.asset
  artifactKey: Guid(424799608f7334c24bf367e4bbfa7f9a) Importer(2089858483,192608db42251d675da83286b1cce702)
Start importing Assets/Settings/Renderer2D.asset using Guid(424799608f7334c24bf367e4bbfa7f9a) Importer(2089858483,192608db42251d675da83286b1cce702) (ScriptedImporter) -> (artifact id: 'c1d67aff29139ce5e07cfe04941c1aa1') in 0.1393523 seconds
Number of updated asset objects reloaded before import = 0Number of asset objects unloaded after import = 1

========================================================================
Received Import Request.
  Time since last request: 0.000244 seconds.
  path: Assets/b7cff7562d758c745916701384b1f81f/asset
  artifactKey: Guid(b7cff7562d758c745916701384b1f81f) Importer(2089858483,192608db42251d675da83286b1cce702)
Start importing Assets/b7cff7562d758c745916701384b1f81f/asset using Guid(b7cff7562d758c745916701384b1f81f) Importer(2089858483,192608db42251d675da83286b1cce702) (ScriptedImporter) -> (artifact id: 'b902b5bcfda089b693faa57ebc51d431') in 0.017324 seconds
Number of updated asset objects reloaded before import = 0Number of asset objects unloaded after import = 1

========================================================================
Received Import Request.
  Time since last request: 0.000030 seconds.
  path: Assets/PlayerIdle.anim
  artifactKey: Guid(08c2260ac8d4ca14b8c580c9b7a90fa6) Importer(2089858483,192608db42251d675da83286b1cce702)
Start importing Assets/PlayerIdle.anim using Guid(08c2260ac8d4ca14b8c580c9b7a90fa6) Importer(2089858483,192608db42251d675da83286b1cce702) (ScriptedImporter) -> (artifact id: '20f6e75219764efcdc5c30c2e793aeb4') in 0.032191 seconds
Number of updated asset objects reloaded before import = 0Number of asset objects unloaded after import = 1

========================================================================
Received Import Request.
  Time since last request: 0.000024 seconds.
  path: Assets/0fe21bab8d8e8784d999b89e8870d9f2/pathname
  artifactKey: Guid(34bb9acf8b4871f47a8e7a839d2fbabe) Importer(2089858483,192608db42251d675da83286b1cce702)
Start importing Assets/0fe21bab8d8e8784d999b89e8870d9f2/pathname using Guid(34bb9acf8b4871f47a8e7a839d2fbabe) Importer(2089858483,192608db42251d675da83286b1cce702) (ScriptedImporter) -> (artifact id: 'e8d60d15c1b35b37c8b069f5c96e0518') in 0.0096955 seconds
Number of updated asset objects reloaded before import = 0Number of asset objects unloaded after import = 1

========================================================================
Received Import Request.
  Time since last request: 0.000030 seconds.
  path: Assets/Animate/PlayerBoom_Idle.png
  artifactKey: Guid(65dd68645f80c0c44be16b393becc989) Importer(2089858483,192608db42251d675da83286b1cce702)
Start importing Assets/Animate/PlayerBoom_Idle.png using Guid(65dd68645f80c0c44be16b393becc989) Importer(2089858483,192608db42251d675da83286b1cce702) (ScriptedImporter) -> (artifact id: '1f2ce9514a881986a9ffa944fa53fde3') in 0.0305068 seconds
Number of updated asset objects reloaded before import = 0Number of asset objects unloaded after import = 6

========================================================================
Received Import Request.
  Time since last request: 0.000022 seconds.
  path: Assets/bb0ead1dadb82174b8c516cd92b8503f/pathname
  artifactKey: Guid(faa609ef2bb47ac41b5f8644be5be7f8) Importer(2089858483,192608db42251d675da83286b1cce702)
Start importing Assets/bb0ead1dadb82174b8c516cd92b8503f/pathname using Guid(faa609ef2bb47ac41b5f8644be5be7f8) Importer(2089858483,192608db42251d675da83286b1cce702) (ScriptedImporter) -> (artifact id: 'e80d8ae3c32f47650fd16bffb5772a90') in 0.007216 seconds
Number of updated asset objects reloaded before import = 0Number of asset objects unloaded after import = 1

========================================================================
Received Import Request.
  Time since last request: 0.000022 seconds.
  path: Assets/Player.png
  artifactKey: Guid(f2c3ef0dfbf1fb046a345af68e07e5df) Importer(2089858483,192608db42251d675da83286b1cce702)
Start importing Assets/Player.png using Guid(f2c3ef0dfbf1fb046a345af68e07e5df) Importer(2089858483,192608db42251d675da83286b1cce702) (ScriptedImporter) -> (artifact id: '326cdf843c9ec7390c1ef17adbe4cfa6') in 0.0193733 seconds
Number of updated asset objects reloaded before import = 0Number of asset objects unloaded after import = 3

========================================================================
Received Import Request.
  Time since last request: 0.000025 seconds.
  path: Assets/Sun.png
  artifactKey: Guid(efb4f6c47bfb7654ba0674ebee64e3b4) Importer(2089858483,192608db42251d675da83286b1cce702)
Start importing Assets/Sun.png using Guid(efb4f6c47bfb7654ba0674ebee64e3b4) Importer(2089858483,192608db42251d675da83286b1cce702) (ScriptedImporter) -> (artifact id: '670fcc72679376be38a378d27527b6aa') in 0.0151785 seconds
Number of updated asset objects reloaded before import = 0Number of asset objects unloaded after import = 3

========================================================================
Received Import Request.
  Time since last request: 0.000051 seconds.
  path: Assets/1b4ceede0b20e3c45a9e549157d7a3cf/preview.png
  artifactKey: Guid(27b39020d66d44443988d4669ea17b6e) Importer(2089858483,192608db42251d675da83286b1cce702)
Start importing Assets/1b4ceede0b20e3c45a9e549157d7a3cf/preview.png using Guid(27b39020d66d44443988d4669ea17b6e) Importer(2089858483,192608db42251d675da83286b1cce702) (ScriptedImporter) -> (artifact id: '6d09339b3a0d09809e05f398d571d7f4') in 0.0179879 seconds
Number of updated asset objects reloaded before import = 0Number of asset objects unloaded after import = 3

========================================================================
Received Import Request.
  Time since last request: 0.000021 seconds.
  path: Assets/Circle.prefab
  artifactKey: Guid(a16033805f89ed2428d254ea6979244f) Importer(2089858483,192608db42251d675da83286b1cce702)
Start importing Assets/Circle.prefab using Guid(a16033805f89ed2428d254ea6979244f) Importer(2089858483,192608db42251d675da83286b1cce702) (ScriptedImporter) -> (artifact id: 'eabde09b64b82f96b57ca865d443347f') in 0.053496 seconds
Number of updated asset objects reloaded before import = 0Number of asset objects unloaded after import = 8

========================================================================
Received Import Request.
  Time since last request: 0.000031 seconds.
  path: Assets/Animate/IntroBackground.png
  artifactKey: Guid(021ffa5b054f17846b23ff0e66d74127) Importer(2089858483,192608db42251d675da83286b1cce702)
Start importing Assets/Animate/IntroBackground.png using Guid(021ffa5b054f17846b23ff0e66d74127) Importer(2089858483,192608db42251d675da83286b1cce702) (ScriptedImporter) -> (artifact id: '7e34957732010d942f7ec450952b9fad') in 0.0197858 seconds
Number of updated asset objects reloaded before import = 0Number of asset objects unloaded after import = 3

========================================================================
Received Import Request.
  Time since last request: 0.000031 seconds.
  path: Assets/Triangle.png
  artifactKey: Guid(267abbc9fce231e4b9a62250335d376b) Importer(2089858483,192608db42251d675da83286b1cce702)
Start importing Assets/Triangle.png using Guid(267abbc9fce231e4b9a62250335d376b) Importer(2089858483,192608db42251d675da83286b1cce702) (ScriptedImporter) -> (artifact id: 'a6dab70a6e12229ae2ac720e8d7e2dbb') in 0.0163172 seconds
Number of updated asset objects reloaded before import = 0Number of asset objects unloaded after import = 3

========================================================================
Received Import Request.
  Time since last request: 0.000021 seconds.
  path: Assets/bb0ead1dadb82174b8c516cd92b8503f/preview.png
  artifactKey: Guid(d0feb7d2aae76984ea1e7f6a34c49a04) Importer(2089858483,192608db42251d675da83286b1cce702)
Start importing Assets/bb0ead1dadb82174b8c516cd92b8503f/preview.png using Guid(d0feb7d2aae76984ea1e7f6a34c49a04) Importer(2089858483,192608db42251d675da83286b1cce702) (ScriptedImporter) -> (artifact id: 'f74dc04910882929094cc6d0ce9ab337') in 0.0192372 seconds
Number of updated asset objects reloaded before import = 0Number of asset objects unloaded after import = 3

========================================================================
Received Import Request.
  Time since last request: 0.000024 seconds.
  path: Assets/Scenes/SampleScene.unity
  artifactKey: Guid(8c9cfa26abfee488c85f1582747f6a02) Importer(2089858483,192608db42251d675da83286b1cce702)
Start importing Assets/Scenes/SampleScene.unity using Guid(8c9cfa26abfee488c85f1582747f6a02) Importer(2089858483,192608db42251d675da83286b1cce702) (ScriptedImporter) -> (artifact id: '1c203e5ed5f64462aa064f6463e32d33') in 0.0138663 seconds
Number of updated asset objects reloaded before import = 0Number of asset objects unloaded after import = 1

========================================================================
Received Import Request.
  Time since last request: 0.000027 seconds.
  path: Assets/Animate/Meteorite.png
  artifactKey: Guid(4b7a0f979a528ea4cb2432a7cbe8c761) Importer(2089858483,192608db42251d675da83286b1cce702)
Start importing Assets/Animate/Meteorite.png using Guid(4b7a0f979a528ea4cb2432a7cbe8c761) Importer(2089858483,192608db42251d675da83286b1cce702) (ScriptedImporter) -> (artifact id: '14c326454c8d45a468aafe54fa354981') in 0.0575598 seconds
Number of updated asset objects reloaded before import = 0Number of asset objects unloaded after import = 3

========================================================================
Received Import Request.
  Time since last request: 0.000028 seconds.
  path: Assets/Animate/IntroButtonStart.png
  artifactKey: Guid(b5acab261bdc3da43964b2ec2612d52f) Importer(2089858483,192608db42251d675da83286b1cce702)
Start importing Assets/Animate/IntroButtonStart.png using Guid(b5acab261bdc3da43964b2ec2612d52f) Importer(2089858483,192608db42251d675da83286b1cce702) (ScriptedImporter) -> (artifact id: '2661ab18fcfc0b9332e091e86d0c6d2a') in 0.0137756 seconds
Number of updated asset objects reloaded before import = 0Number of asset objects unloaded after import = 3

========================================================================
Received Import Request.
  Time since last request: 0.000018 seconds.
  path: Assets/Animate/Alertline.png
  artifactKey: Guid(4f7846cbbca128f41ae3947567c3b2ef) Importer(2089858483,192608db42251d675da83286b1cce702)
Start importing Assets/Animate/Alertline.png using Guid(4f7846cbbca128f41ae3947567c3b2ef) Importer(2089858483,192608db42251d675da83286b1cce702) (ScriptedImporter) -> (artifact id: '22168215111ad80fa5f726150aa33a7b') in 0.0153723 seconds
Number of updated asset objects reloaded before import = 0Number of asset objects unloaded after import = 3

========================================================================
Received Import Request.
  Time since last request: 0.000025 seconds.
  path: Assets/Animate/Player_Idle.png
  artifactKey: Guid(35aa2cae517b0d148bd3955cdccfe5d5) Importer(2089858483,192608db42251d675da83286b1cce702)
Start importing Assets/Animate/Player_Idle.png using Guid(35aa2cae517b0d148bd3955cdccfe5d5) Importer(2089858483,192608db42251d675da83286b1cce702) (ScriptedImporter) -> (artifact id: '928d6b682dfa46546a246530cb7b6ff9') in 0.0161231 seconds
Number of updated asset objects reloaded before import = 0Number of asset objects unloaded after import = 5

========================================================================
Received Import Request.
  Time since last request: 0.000019 seconds.
  path: Assets/1b4ceede0b20e3c45a9e549157d7a3cf/pathname
  artifactKey: Guid(a57f1f1c1fc706b46a5ddaefd3012b9b) Importer(2089858483,192608db42251d675da83286b1cce702)
Start importing Assets/1b4ceede0b20e3c45a9e549157d7a3cf/pathname using Guid(a57f1f1c1fc706b46a5ddaefd3012b9b) Importer(2089858483,192608db42251d675da83286b1cce702) (ScriptedImporter) -> (artifact id: '3fbce30dd14b2237b41da27ed0756f5a') in 0.0067269 seconds
Number of updated asset objects reloaded before import = 0Number of asset objects unloaded after import = 1

========================================================================
Received Import Request.
  Time since last request: 0.000030 seconds.
  path: Assets/DefaultVolumeProfile.asset
  artifactKey: Guid(3f9215ea0144899419cfbc0957140d3f) Importer(2089858483,192608db42251d675da83286b1cce702)
Start importing Assets/DefaultVolumeProfile.asset using Guid(3f9215ea0144899419cfbc0957140d3f) Importer(2089858483,192608db42251d675da83286b1cce702) (ScriptedImporter) -> (artifact id: 'e5dd68b755a7b382a5e59b91bfa1fb31') in 0.0126687 seconds
Number of updated asset objects reloaded before import = 0Number of asset objects unloaded after import = 0

========================================================================
Received Import Request.
  Time since last request: 0.000020 seconds.
  path: Assets/b7cff7562d758c745916701384b1f81f/pathname
  artifactKey: Guid(95580b70f3025a142a5e1a0ebffa5083) Importer(2089858483,192608db42251d675da83286b1cce702)
Start importing Assets/b7cff7562d758c745916701384b1f81f/pathname using Guid(95580b70f3025a142a5e1a0ebffa5083) Importer(2089858483,192608db42251d675da83286b1cce702) (ScriptedImporter) -> (artifact id: '15b3393a0aaf561edf0a544bf1c5ed6e') in 0.0072764 seconds
Number of updated asset objects reloaded before import = 0Number of asset objects unloaded after import = 1

========================================================================
Received Import Request.
  Time since last request: 0.000029 seconds.
  path: Assets/Square.prefab
  artifactKey: Guid(b5c4bfcc58dd820469b92cf8cca627de) Importer(2089858483,192608db42251d675da83286b1cce702)
Start importing Assets/Square.prefab using Guid(b5c4bfcc58dd820469b92cf8cca627de) Importer(2089858483,192608db42251d675da83286b1cce702) (ScriptedImporter) -> (artifact id: '3a9f568ce40a61a3c949129d935f1399') in 0.0237126 seconds
Number of updated asset objects reloaded before import = 0Number of asset objects unloaded after import = 9

========================================================================
Received Import Request.
  Time since last request: 0.000034 seconds.
  path: Assets/Animate/Explosion.png
  artifactKey: Guid(98db1790e7ef4394680d744c19362cd3) Importer(2089858483,192608db42251d675da83286b1cce702)
Start importing Assets/Animate/Explosion.png using Guid(98db1790e7ef4394680d744c19362cd3) Importer(2089858483,192608db42251d675da83286b1cce702) (ScriptedImporter) -> (artifact id: '3cc61281c26a27f3258bf98d34e4009f') in 0.0334104 seconds
Number of updated asset objects reloaded before import = 0Number of asset objects unloaded after import = 19

========================================================================
Received Import Request.
  Time since last request: 0.000032 seconds.
  path: Assets/bb0ead1dadb82174b8c516cd92b8503f/asset
  artifactKey: Guid(bb0ead1dadb82174b8c516cd92b8503f) Importer(2089858483,192608db42251d675da83286b1cce702)
Start importing Assets/bb0ead1dadb82174b8c516cd92b8503f/asset using Guid(bb0ead1dadb82174b8c516cd92b8503f) Importer(2089858483,192608db42251d675da83286b1cce702) (ScriptedImporter) -> (artifact id: 'e27a7542a4678781150621a9c4f94c2f') in 0.0059826 seconds
Number of updated asset objects reloaded before import = 0Number of asset objects unloaded after import = 1

========================================================================
Received Import Request.
  Time since last request: 0.000030 seconds.
  path: Assets/Animate/Player_Die.png
  artifactKey: Guid(b3d405d3ff84c67448e6e93402375c35) Importer(2089858483,192608db42251d675da83286b1cce702)
Start importing Assets/Animate/Player_Die.png using Guid(b3d405d3ff84c67448e6e93402375c35) Importer(2089858483,192608db42251d675da83286b1cce702) (ScriptedImporter) -> (artifact id: 'ceb61fbcf1160e6798c1e113f0c1b5ef') in 0.0211841 seconds
Number of updated asset objects reloaded before import = 0Number of asset objects unloaded after import = 9

========================================================================
Received Import Request.
  Time since last request: 0.000019 seconds.
  path: Assets/0fe21bab8d8e8784d999b89e8870d9f2/asset
  artifactKey: Guid(0fe21bab8d8e8784d999b89e8870d9f2) Importer(2089858483,192608db42251d675da83286b1cce702)
Start importing Assets/0fe21bab8d8e8784d999b89e8870d9f2/asset using Guid(0fe21bab8d8e8784d999b89e8870d9f2) Importer(2089858483,192608db42251d675da83286b1cce702) (ScriptedImporter) -> (artifact id: '8ca3300e97a01a5f9a8b01eb6840438e') in 0.0063678 seconds
Number of updated asset objects reloaded before import = 0Number of asset objects unloaded after import = 1

========================================================================
Received Prepare
Begin MonoManager ReloadAssembly
- Loaded All Assemblies, in  5.186 seconds
Refreshing native plugins compatible for Editor in 4.98 ms, found 4 plugins.
Native extension for WindowsStandalone target not found
Mono: successfully reloaded assembly
- Finished resetting the current domain, in  1.763 seconds
Domain Reload Profiling: 6917ms
	BeginReloadAssembly (2010ms)
		ExecutionOrderSort (3ms)
		DisableScriptedObjects (89ms)
		BackupInstance (0ms)
		ReleaseScriptingObjects (3ms)
		CreateAndSetChildDomain (1078ms)
	RebuildCommonClasses (78ms)
	RebuildNativeTypeToScriptingClass (22ms)
	initialDomainReloadingComplete (97ms)
	LoadAllAssembliesAndSetupDomain (2947ms)
		LoadAssemblies (2958ms)
		RebuildTransferFunctionScriptingTraits (0ms)
		AnalyzeDomain (498ms)
			TypeCache.Refresh (27ms)
				TypeCache.ScanAssembly (0ms)
			BuildScriptInfoCaches (441ms)
			ResolveRequiredComponents (17ms)
	FinalizeReload (1764ms)
		ReleaseScriptCaches (0ms)
		RebuildScriptCaches (0ms)
		SetupLoadedEditorAssemblies (1396ms)
			LogAssemblyErrors (0ms)
			InitializePlatformSupportModulesInManaged (5ms)
			SetLoadedEditorAssemblies (8ms)
			BeforeProcessingInitializeOnLoad (303ms)
			ProcessInitializeOnLoadAttributes (645ms)
			ProcessInitializeOnLoadMethodAttributes (374ms)
			AfterProcessingInitializeOnLoad (60ms)
			EditorAssembliesLoaded (1ms)
		ExecutionOrderSort2 (0ms)
		AwakeInstancesAfterBackupRestoration (47ms)
Refreshing native plugins compatible for Editor in 10.98 ms, found 4 plugins.
Preloading 0 native plugins for Editor in 0.00 ms.
Unloading 40 Unused Serialized files (Serialized files now loaded: 0)
Unloading 6587 unused Assets / (5.0 MB). Loaded Objects now: 7291.
Memory consumption went from 150.4 MB to 145.4 MB.
Total: 38.842700 ms (FindLiveObjects: 4.098500 ms CreateObjectMapping: 2.759300 ms MarkObjects: 19.073200 ms  DeleteObjects: 12.905800 ms)

Prepare: number of updated asset objects reloaded= 0
========================================================================
Received Prepare
Begin MonoManager ReloadAssembly
- Loaded All Assemblies, in  2.895 seconds
Refreshing native plugins compatible for Editor in 7.24 ms, found 4 plugins.
Native extension for WindowsStandalone target not found
Mono: successfully reloaded assembly
- Finished resetting the current domain, in  2.148 seconds
Domain Reload Profiling: 5017ms
	BeginReloadAssembly (1492ms)
		ExecutionOrderSort (0ms)
		DisableScriptedObjects (20ms)
		BackupInstance (0ms)
		ReleaseScriptingObjects (0ms)
		CreateAndSetChildDomain (516ms)
	RebuildCommonClasses (90ms)
	RebuildNativeTypeToScriptingClass (21ms)
	initialDomainReloadingComplete (70ms)
	LoadAllAssembliesAndSetupDomain (1194ms)
		LoadAssemblies (1476ms)
		RebuildTransferFunctionScriptingTraits (0ms)
		AnalyzeDomain (418ms)
			TypeCache.Refresh (7ms)
				TypeCache.ScanAssembly (0ms)
			BuildScriptInfoCaches (391ms)
			ResolveRequiredComponents (15ms)
	FinalizeReload (2149ms)
		ReleaseScriptCaches (0ms)
		RebuildScriptCaches (0ms)
		SetupLoadedEditorAssemblies (1840ms)
			LogAssemblyErrors (0ms)
			InitializePlatformSupportModulesInManaged (3ms)
			SetLoadedEditorAssemblies (4ms)
			BeforeProcessingInitializeOnLoad (959ms)
			ProcessInitializeOnLoadAttributes (746ms)
			ProcessInitializeOnLoadMethodAttributes (98ms)
			AfterProcessingInitializeOnLoad (29ms)
			EditorAssembliesLoaded (0ms)
		ExecutionOrderSort2 (0ms)
		AwakeInstancesAfterBackupRestoration (38ms)
Refreshing native plugins compatible for Editor in 8.17 ms, found 4 plugins.
Preloading 0 native plugins for Editor in 0.00 ms.
Unloading 40 Unused Serialized files (Serialized files now loaded: 0)
Unloading 6586 unused Assets / (7.0 MB). Loaded Objects now: 7293.
Memory consumption went from 150.4 MB to 143.4 MB.
Total: 21.040500 ms (FindLiveObjects: 1.646500 ms CreateObjectMapping: 1.635600 ms MarkObjects: 7.386000 ms  DeleteObjects: 10.370600 ms)

Prepare: number of updated asset objects reloaded= 0
========================================================================
Received Prepare
Begin MonoManager ReloadAssembly
- Loaded All Assemblies, in  2.100 seconds
Refreshing native plugins compatible for Editor in 5.81 ms, found 4 plugins.
Native extension for WindowsStandalone target not found
Mono: successfully reloaded assembly
- Finished resetting the current domain, in  1.359 seconds
Domain Reload Profiling: 3430ms
	BeginReloadAssembly (537ms)
		ExecutionOrderSort (0ms)
		DisableScriptedObjects (29ms)
		BackupInstance (0ms)
		ReleaseScriptingObjects (0ms)
		CreateAndSetChildDomain (90ms)
	RebuildCommonClasses (81ms)
	RebuildNativeTypeToScriptingClass (24ms)
	initialDomainReloadingComplete (77ms)
	LoadAllAssembliesAndSetupDomain (1351ms)
		LoadAssemblies (1298ms)
		RebuildTransferFunctionScriptingTraits (0ms)
		AnalyzeDomain (361ms)
			TypeCache.Refresh (14ms)
				TypeCache.ScanAssembly (0ms)
			BuildScriptInfoCaches (322ms)
			ResolveRequiredComponents (19ms)
	FinalizeReload (1360ms)
		ReleaseScriptCaches (0ms)
		RebuildScriptCaches (0ms)
		SetupLoadedEditorAssemblies (928ms)
			LogAssemblyErrors (0ms)
			InitializePlatformSupportModulesInManaged (4ms)
			SetLoadedEditorAssemblies (5ms)
			BeforeProcessingInitializeOnLoad (255ms)
			ProcessInitializeOnLoadAttributes (465ms)
			ProcessInitializeOnLoadMethodAttributes (146ms)
			AfterProcessingInitializeOnLoad (53ms)
			EditorAssembliesLoaded (1ms)
		ExecutionOrderSort2 (0ms)
		AwakeInstancesAfterBackupRestoration (109ms)
Refreshing native plugins compatible for Editor in 12.62 ms, found 4 plugins.
Preloading 0 native plugins for Editor in 0.00 ms.
Unloading 40 Unused Serialized files (Serialized files now loaded: 0)
Unloading 6586 unused Assets / (7.7 MB). Loaded Objects now: 7295.
Memory consumption went from 150.3 MB to 142.6 MB.
Total: 34.038000 ms (FindLiveObjects: 1.213600 ms CreateObjectMapping: 1.724200 ms MarkObjects: 15.339700 ms  DeleteObjects: 15.758400 ms)

Prepare: number of updated asset objects reloaded= 0
========================================================================
Received Import Request.
  Time since last request: 442.042042 seconds.
  path: Assets/Animate/Player_Die.png
  artifactKey: Guid(b3d405d3ff84c67448e6e93402375c35) Importer(815301076,1909f56bfc062723c751e8b465ee728b)
Start importing Assets/Animate/Player_Die.png using Guid(b3d405d3ff84c67448e6e93402375c35) Importer(815301076,1909f56bfc062723c751e8b465ee728b) (PreviewImporter) -> (artifact id: 'd19cfbbad2035c89af037e3f8cb24327') in 0.2210783 seconds
Number of updated asset objects reloaded before import = 0Number of asset objects unloaded after import = 9

========================================================================
Received Import Request.
  Time since last request: 33.990851 seconds.
  path: Assets/Animate/PlayerDie.anim
  artifactKey: Guid(a6557d43b0caba84fb96b561156d1fdc) Importer(815301076,1909f56bfc062723c751e8b465ee728b)
Start importing Assets/Animate/PlayerDie.anim using Guid(a6557d43b0caba84fb96b561156d1fdc) Importer(815301076,1909f56bfc062723c751e8b465ee728b) (PreviewImporter) -> (artifact id: '0cbfd14315b21b3b76318bd96a1111f7') in 0.0038418 seconds
Number of updated asset objects reloaded before import = 0Number of asset objects unloaded after import = 1

========================================================================
Received Prepare
Begin MonoManager ReloadAssembly
- Loaded All Assemblies, in  2.561 seconds
Refreshing native plugins compatible for Editor in 7.47 ms, found 4 plugins.
Native extension for WindowsStandalone target not found
Mono: successfully reloaded assembly
- Finished resetting the current domain, in  1.427 seconds
Domain Reload Profiling: 3851ms
	BeginReloadAssembly (565ms)
		ExecutionOrderSort (0ms)
		DisableScriptedObjects (67ms)
		BackupInstance (0ms)
		ReleaseScriptingObjects (0ms)
		CreateAndSetChildDomain (92ms)
	RebuildCommonClasses (65ms)
	RebuildNativeTypeToScriptingClass (24ms)
	initialDomainReloadingComplete (78ms)
	LoadAllAssembliesAndSetupDomain (1692ms)
		LoadAssemblies (1617ms)
		RebuildTransferFunctionScriptingTraits (0ms)
		AnalyzeDomain (364ms)
			TypeCache.Refresh (16ms)
				TypeCache.ScanAssembly (0ms)
			BuildScriptInfoCaches (327ms)
			ResolveRequiredComponents (16ms)
	FinalizeReload (1427ms)
		ReleaseScriptCaches (0ms)
		RebuildScriptCaches (0ms)
		SetupLoadedEditorAssemblies (1072ms)
			LogAssemblyErrors (0ms)
			InitializePlatformSupportModulesInManaged (7ms)
			SetLoadedEditorAssemblies (6ms)
			BeforeProcessingInitializeOnLoad (374ms)
			ProcessInitializeOnLoadAttributes (537ms)
			ProcessInitializeOnLoadMethodAttributes (117ms)
			AfterProcessingInitializeOnLoad (30ms)
			EditorAssembliesLoaded (1ms)
		ExecutionOrderSort2 (0ms)
		AwakeInstancesAfterBackupRestoration (44ms)
Refreshing native plugins compatible for Editor in 8.46 ms, found 4 plugins.
Preloading 0 native plugins for Editor in 0.00 ms.
Unloading 40 Unused Serialized files (Serialized files now loaded: 0)
Unloading 6586 unused Assets / (7.2 MB). Loaded Objects now: 7309.
Memory consumption went from 150.4 MB to 143.2 MB.
Total: 20.631200 ms (FindLiveObjects: 1.940100 ms CreateObjectMapping: 1.937900 ms MarkObjects: 8.723600 ms  DeleteObjects: 8.028200 ms)

Prepare: number of updated asset objects reloaded= 0
========================================================================
Received Prepare
Refreshing native plugins compatible for Editor in 8.38 ms, found 4 plugins.
Preloading 0 native plugins for Editor in 0.00 ms.
Unloading 40 Unused Serialized files (Serialized files now loaded: 0)
Unloading 6576 unused Assets / (3.9 MB). Loaded Objects now: 7310.
Memory consumption went from 150.5 MB to 146.6 MB.
Total: 80.263600 ms (FindLiveObjects: 22.802500 ms CreateObjectMapping: 1.495900 ms MarkObjects: 28.364800 ms  DeleteObjects: 27.598200 ms)

Prepare: number of updated asset objects reloaded= 0
========================================================================
Received Import Request.
  Time since last request: 358.930517 seconds.
  path: Assets/Script/PlayerAnimator.cs
  artifactKey: Guid(2e6a9ed5e95934c46808d66fa6f480ad) Importer(815301076,1909f56bfc062723c751e8b465ee728b)
Start importing Assets/Script/PlayerAnimator.cs using Guid(2e6a9ed5e95934c46808d66fa6f480ad) Importer(815301076,1909f56bfc062723c751e8b465ee728b) (PreviewImporter) -> (artifact id: 'cedc63a91ebd21631713305d0bd62230') in 0.0373964 seconds
Number of updated asset objects reloaded before import = 0Number of asset objects unloaded after import = 0

========================================================================
Received Prepare
Begin MonoManager ReloadAssembly
- Loaded All Assemblies, in  5.767 seconds
Refreshing native plugins compatible for Editor in 7.00 ms, found 4 plugins.
Native extension for WindowsStandalone target not found
Mono: successfully reloaded assembly
- Finished resetting the current domain, in  3.005 seconds
Domain Reload Profiling: 8740ms
	BeginReloadAssembly (2611ms)
		ExecutionOrderSort (1ms)
		DisableScriptedObjects (523ms)
		BackupInstance (0ms)
		ReleaseScriptingObjects (5ms)
		CreateAndSetChildDomain (1103ms)
	RebuildCommonClasses (59ms)
	RebuildNativeTypeToScriptingClass (17ms)
	initialDomainReloadingComplete (95ms)
	LoadAllAssembliesAndSetupDomain (2951ms)
		LoadAssemblies (2433ms)
		RebuildTransferFunctionScriptingTraits (0ms)
		AnalyzeDomain (942ms)
			TypeCache.Refresh (64ms)
				TypeCache.ScanAssembly (3ms)
			BuildScriptInfoCaches (831ms)
			ResolveRequiredComponents (28ms)
	FinalizeReload (3007ms)
		ReleaseScriptCaches (0ms)
		RebuildScriptCaches (0ms)
		SetupLoadedEditorAssemblies (2473ms)
			LogAssemblyErrors (0ms)
			InitializePlatformSupportModulesInManaged (6ms)
			SetLoadedEditorAssemblies (12ms)
			BeforeProcessingInitializeOnLoad (997ms)
			ProcessInitializeOnLoadAttributes (1080ms)
			ProcessInitializeOnLoadMethodAttributes (325ms)
			AfterProcessingInitializeOnLoad (52ms)
			EditorAssembliesLoaded (1ms)
		ExecutionOrderSort2 (0ms)
		AwakeInstancesAfterBackupRestoration (77ms)
Refreshing native plugins compatible for Editor in 11.21 ms, found 4 plugins.
Preloading 0 native plugins for Editor in 0.00 ms.
Unloading 40 Unused Serialized files (Serialized files now loaded: 0)
Unloading 6587 unused Assets / (4.8 MB). Loaded Objects now: 7312.
Memory consumption went from 150.3 MB to 145.5 MB.
Total: 26.093400 ms (FindLiveObjects: 1.102200 ms CreateObjectMapping: 1.424200 ms MarkObjects: 16.630800 ms  DeleteObjects: 6.933900 ms)

Prepare: number of updated asset objects reloaded= 0
========================================================================
Received Import Request.
  Time since last request: 60.068145 seconds.
  path: Assets/Script/PlayerAnimator.cs
  artifactKey: Guid(2e6a9ed5e95934c46808d66fa6f480ad) Importer(815301076,1909f56bfc062723c751e8b465ee728b)
Start importing Assets/Script/PlayerAnimator.cs using Guid(2e6a9ed5e95934c46808d66fa6f480ad) Importer(815301076,1909f56bfc062723c751e8b465ee728b) (PreviewImporter) -> (artifact id: '265e17a8cd557b2f78b9d6801e518c65') in 0.0724557 seconds
Number of updated asset objects reloaded before import = 0Number of asset objects unloaded after import = 0

========================================================================
Received Prepare
Refreshing native plugins compatible for Editor in 26.31 ms, found 4 plugins.
Preloading 0 native plugins for Editor in 0.00 ms.
Unloading 40 Unused Serialized files (Serialized files now loaded: 0)
Unloading 6576 unused Assets / (8.3 MB). Loaded Objects now: 7312.
Memory consumption went from 150.4 MB to 142.1 MB.
Total: 50.203400 ms (FindLiveObjects: 1.713300 ms CreateObjectMapping: 1.523500 ms MarkObjects: 27.167100 ms  DeleteObjects: 19.796500 ms)

Prepare: number of updated asset objects reloaded= 0
========================================================================
Received Import Request.
  Time since last request: 84.850783 seconds.
  path: Assets/Script/PlayerAnimator.cs
  artifactKey: Guid(2e6a9ed5e95934c46808d66fa6f480ad) Importer(815301076,1909f56bfc062723c751e8b465ee728b)
Start importing Assets/Script/PlayerAnimator.cs using Guid(2e6a9ed5e95934c46808d66fa6f480ad) Importer(815301076,1909f56bfc062723c751e8b465ee728b) (PreviewImporter) -> (artifact id: '40168b0e0e98f1c9f3b6f0533002f5b9') in 0.0052097 seconds
Number of updated asset objects reloaded before import = 0Number of asset objects unloaded after import = 0

========================================================================
Received Prepare
Begin MonoManager ReloadAssembly
- Loaded All Assemblies, in  4.226 seconds
Refreshing native plugins compatible for Editor in 7.00 ms, found 4 plugins.
Native extension for WindowsStandalone target not found
Mono: successfully reloaded assembly
- Finished resetting the current domain, in  1.694 seconds
Domain Reload Profiling: 5886ms
	BeginReloadAssembly (646ms)
		ExecutionOrderSort (0ms)
		DisableScriptedObjects (44ms)
		BackupInstance (0ms)
		ReleaseScriptingObjects (0ms)
		CreateAndSetChildDomain (116ms)
	RebuildCommonClasses (67ms)
	RebuildNativeTypeToScriptingClass (20ms)
	initialDomainReloadingComplete (106ms)
	LoadAllAssembliesAndSetupDomain (3351ms)
		LoadAssemblies (2866ms)
		RebuildTransferFunctionScriptingTraits (0ms)
		AnalyzeDomain (854ms)
			TypeCache.Refresh (48ms)
				TypeCache.ScanAssembly (1ms)
			BuildScriptInfoCaches (776ms)
			ResolveRequiredComponents (18ms)
	FinalizeReload (1695ms)
		ReleaseScriptCaches (0ms)
		RebuildScriptCaches (0ms)
		SetupLoadedEditorAssemblies (1184ms)
			LogAssemblyErrors (0ms)
			InitializePlatformSupportModulesInManaged (6ms)
			SetLoadedEditorAssemblies (10ms)
			BeforeProcessingInitializeOnLoad (421ms)
			ProcessInitializeOnLoadAttributes (474ms)
			ProcessInitializeOnLoadMethodAttributes (152ms)
			AfterProcessingInitializeOnLoad (122ms)
			EditorAssembliesLoaded (1ms)
		ExecutionOrderSort2 (0ms)
		AwakeInstancesAfterBackupRestoration (108ms)
Refreshing native plugins compatible for Editor in 10.36 ms, found 4 plugins.
Preloading 0 native plugins for Editor in 0.00 ms.
Unloading 40 Unused Serialized files (Serialized files now loaded: 0)
Unloading 6587 unused Assets / (6.9 MB). Loaded Objects now: 7314.
Memory consumption went from 150.4 MB to 143.4 MB.
Total: 18.924200 ms (FindLiveObjects: 1.049000 ms CreateObjectMapping: 1.487000 ms MarkObjects: 9.179300 ms  DeleteObjects: 7.206300 ms)

Prepare: number of updated asset objects reloaded= 0
========================================================================
Received Prepare
Begin MonoManager ReloadAssembly
- Loaded All Assemblies, in  2.962 seconds
Refreshing native plugins compatible for Editor in 7.63 ms, found 4 plugins.
Native extension for WindowsStandalone target not found
Mono: successfully reloaded assembly
- Finished resetting the current domain, in  1.181 seconds
Domain Reload Profiling: 4100ms
	BeginReloadAssembly (1092ms)
		ExecutionOrderSort (0ms)
		DisableScriptedObjects (20ms)
		BackupInstance (0ms)
		ReleaseScriptingObjects (0ms)
		CreateAndSetChildDomain (376ms)
	RebuildCommonClasses (69ms)
	RebuildNativeTypeToScriptingClass (24ms)
	initialDomainReloadingComplete (97ms)
	LoadAllAssembliesAndSetupDomain (1637ms)
		LoadAssemblies (1738ms)
		RebuildTransferFunctionScriptingTraits (0ms)
		AnalyzeDomain (495ms)
			TypeCache.Refresh (11ms)
				TypeCache.ScanAssembly (0ms)
			BuildScriptInfoCaches (454ms)
			ResolveRequiredComponents (22ms)
	FinalizeReload (1182ms)
		ReleaseScriptCaches (0ms)
		RebuildScriptCaches (0ms)
		SetupLoadedEditorAssemblies (859ms)
			LogAssemblyErrors (0ms)
			InitializePlatformSupportModulesInManaged (3ms)
			SetLoadedEditorAssemblies (6ms)
			BeforeProcessingInitializeOnLoad (277ms)
			ProcessInitializeOnLoadAttributes (454ms)
			ProcessInitializeOnLoadMethodAttributes (89ms)
			AfterProcessingInitializeOnLoad (29ms)
			EditorAssembliesLoaded (0ms)
		ExecutionOrderSort2 (0ms)
		AwakeInstancesAfterBackupRestoration (42ms)
Refreshing native plugins compatible for Editor in 10.30 ms, found 4 plugins.
Preloading 0 native plugins for Editor in 0.00 ms.
Unloading 40 Unused Serialized files (Serialized files now loaded: 0)
Unloading 6587 unused Assets / (7.0 MB). Loaded Objects now: 7316.
Memory consumption went from 150.4 MB to 143.4 MB.
Total: 21.419900 ms (FindLiveObjects: 0.944100 ms CreateObjectMapping: 1.323300 ms MarkObjects: 11.881600 ms  DeleteObjects: 7.267900 ms)

Prepare: number of updated asset objects reloaded= 0
